Release 11.5 - xst L.70 (lin)
Copyright (c) 1995-2009 Xilinx, Inc.  All rights reserved.
--> 
Parameter TMPDIR set to tmp


Total REAL time to Xst completion: 0.00 secs
Total CPU time to Xst completion: 0.02 secs
 
--> 
Parameter xsthdpdir set to xst


Total REAL time to Xst completion: 0.00 secs
Total CPU time to Xst completion: 0.03 secs
 
--> 
Reading design: z80tube.prj

TABLE OF CONTENTS
  1) Synthesis Options Summary
  2) HDL Compilation
  3) Design Hierarchy Analysis
  4) HDL Analysis
  5) HDL Synthesis
     5.1) HDL Synthesis Report
  6) Advanced HDL Synthesis
     6.1) Advanced HDL Synthesis Report
  7) Low Level Synthesis
  8) Partition Report
  9) Final Report

=========================================================================
*                      Synthesis Options Summary                        *
=========================================================================
---- Source Parameters
Input File Name                    : "z80tube.prj"
Input Format                       : mixed
Ignore Synthesis Constraint File   : NO

---- Target Parameters
Target Device                      : XC9500 CPLDs
Output File Name                   : "z80tube"
Output Format                      : NGC

---- Source Options
Top Module Name                    : z80tube
Automatic FSM Extraction           : YES
FSM Encoding Algorithm             : Auto
Safe Implementation                : No
Mux Extraction                     : YES
Resource Sharing                   : YES

---- Target Options
Add IO Buffers                     : YES
MACRO Preserve                     : YES
XOR Preserve                       : YES
Equivalent register Removal        : YES

---- General Options
Optimization Goal                  : Area
Optimization Effort                : 2
Library Search Order               : z80tube.lso
Keep Hierarchy                     : No
Netlist Hierarchy                  : as_optimized
RTL Output                         : Yes
Hierarchy Separator                : /
Bus Delimiter                      : <>
Case Specifier                     : maintain
Verilog 2001                       : YES

---- Other Options
wysiwyg                            : NO

=========================================================================


=========================================================================
*                          HDL Compilation                              *
=========================================================================
Compiling verilog file "../src/z80tube.v" in library work
Module <z80tube> compiled
No errors in compilation
Analysis of file <"z80tube.prj"> succeeded.
 

=========================================================================
*                     Design Hierarchy Analysis                         *
=========================================================================
Analyzing hierarchy for module <z80tube> in library <work> with parameters.
	IDLE = "00000000000000000000000000000000"
	S0 = "00000000000000000000000000000001"
	S1 = "00000000000000000000000000000010"
	S2 = "00000000000000000000000000000011"
	S3 = "00000000000000000000000000000100"


=========================================================================
*                            HDL Analysis                               *
=========================================================================
Analyzing top module <z80tube>.
	IDLE = 32'sb00000000000000000000000000000000
	S0 = 32'sb00000000000000000000000000000001
	S1 = 32'sb00000000000000000000000000000010
	S2 = 32'sb00000000000000000000000000000011
	S3 = 32'sb00000000000000000000000000000100
Module <z80tube> is correct for synthesis.
 

=========================================================================
*                           HDL Synthesis                               *
=========================================================================

Performing bidirectional port resolution...
INFO:Xst:2561 - Always blocking tristate driving signal <PMOD_GPIO> in unit <z80tube> is removed.
INFO:Xst:2561 - Always blocking tristate driving signal <PMOD_GPIO> in unit <z80tube> is removed.
INFO:Xst:2561 - Always blocking tristate driving signal <PMOD_GPIO> in unit <z80tube> is removed.
INFO:Xst:2561 - Always blocking tristate driving signal <PMOD_GPIO> in unit <z80tube> is removed.

Synthesizing Unit <z80tube>.
    Related source file is "../src/z80tube.v".
WARNING:Xst:647 - Input <MREQ_B> is never used. This port will be preserved and left unconnected if it belongs to a top-level block or it belongs to a sub-block and the hierarchy of this sub-block is preserved.
WARNING:Xst:647 - Input <TUBE_INT_B> is never used. This port will be preserved and left unconnected if it belongs to a top-level block or it belongs to a sub-block and the hierarchy of this sub-block is preserved.
WARNING:Xst:646 - Signal <pmod_dout_f_q<7:4>> is assigned but never used. This unconnected signal will be trimmed during the optimization process.
    Found 8-bit tristate buffer for signal <DATA>.
    Found 8-bit tristate buffer for signal <TUBE_DATA>.
    Found 1-bit tristate buffer for signal <PMOD_GPIO<3>>.
    Found 1-bit tristate buffer for signal <PMOD_GPIO<2>>.
    Found 1-bit tristate buffer for signal <PMOD_GPIO<1>>.
    Found 1-bit tristate buffer for signal <PMOD_GPIO<0>>.
    Found 1-bit register for signal <negen_f_q>.
    Found 8-bit register for signal <pmod_din_q>.
    Found 8-bit register for signal <pmod_dir_f_q>.
    Found 8-bit register for signal <pmod_dout_f_q>.
    Found 1-bit register for signal <posen_q>.
    Found 1-bit register for signal <rd_b_q>.
    Found 2-bit register for signal <reset_b_q>.
    Found 2-bit register for signal <state_d>.
    Found 2-bit register for signal <state_f_q>.
    Found 1-bit register for signal <wr_b_q>.
    Summary:
	inferred   3 D-type flip-flop(s).
	inferred  20 Tristate(s).
Unit <z80tube> synthesized.


=========================================================================
HDL Synthesis Report

Macro Statistics
# Registers                                            : 10
 1-bit register                                        : 4
 2-bit register                                        : 3
 8-bit register                                        : 3
# Tristates                                            : 6
 1-bit tristate buffer                                 : 4
 8-bit tristate buffer                                 : 2

=========================================================================

=========================================================================
*                       Advanced HDL Synthesis                          *
=========================================================================


=========================================================================
Advanced HDL Synthesis Report

Macro Statistics
# Registers                                            : 3
 Flip-Flops                                            : 3

=========================================================================

=========================================================================
*                         Low Level Synthesis                           *
=========================================================================
WARNING:Xst:2677 - Node <pmod_dout_f_q_7> of sequential type is unconnected in block <z80tube>.
WARNING:Xst:2677 - Node <pmod_dout_f_q_6> of sequential type is unconnected in block <z80tube>.
WARNING:Xst:2677 - Node <pmod_dout_f_q_5> of sequential type is unconnected in block <z80tube>.
WARNING:Xst:2677 - Node <pmod_dout_f_q_4> of sequential type is unconnected in block <z80tube>.

Optimizing unit <z80tube> ...

=========================================================================
*                           Partition Report                            *
=========================================================================

Partition Implementation Status
-------------------------------

  No Partitions were found in this design.

-------------------------------

=========================================================================
*                            Final Report                               *
=========================================================================
Final Results
RTL Top Level Output File Name     : z80tube.ngr
Top Level Output File Name         : z80tube
Output Format                      : NGC
Optimization Goal                  : Area
Keep Hierarchy                     : No
Target Technology                  : XC9500 CPLDs
Macro Preserve                     : YES
XOR Preserve                       : YES
wysiwyg                            : NO

Design Statistics
# IOs                              : 55

Cell Usage :
# BELS                             : 223
#      AND2                        : 107
#      AND3                        : 6
#      AND4                        : 1
#      INV                         : 61
#      OR2                         : 47
#      OR3                         : 1
# FlipFlops/Latches                : 30
#      FD                          : 30
# IO Buffers                       : 53
#      IBUF                        : 26
#      IOBUFE                      : 20
#      OBUF                        : 7
=========================================================================


Total REAL time to Xst completion: 2.00 secs
Total CPU time to Xst completion: 1.44 secs
 
--> 


Total memory usage is 128552 kilobytes

Number of errors   :    0 (   0 filtered)
Number of warnings :    7 (   0 filtered)
Number of infos    :    4 (   0 filtered)

